
Gurobi 6.5.2 (linux64) logging started Mon Oct 31 16:47:48 2016


Gurobi 6.5.2 (linux64) logging started Mon Oct 31 16:51:37 2016


Gurobi 6.5.2 (linux64) logging started Mon Oct 31 16:59:02 2016


Gurobi 6.5.2 (linux64) logging started Mon Oct 31 17:11:45 2016


Gurobi 6.5.2 (linux64) logging started Mon Oct 31 17:12:29 2016


Gurobi 6.5.2 (linux64) logging started Wed Nov  2 15:37:20 2016


Gurobi 6.5.2 (linux64) logging started Mon Nov  7 12:33:58 2016


Gurobi 6.5.2 (linux64) logging started Mon Nov  7 12:38:34 2016


Gurobi 6.5.2 (linux64) logging started Mon Nov  7 12:42:59 2016


Gurobi 6.5.2 (linux64) logging started Mon Nov  7 23:03:24 2016


Gurobi 6.5.2 (linux64) logging started Thu Nov 10 17:14:13 2016


Gurobi 6.5.2 (linux64) logging started Thu Nov 10 17:16:36 2016


Gurobi 6.5.2 (linux64) logging started Thu Nov 10 17:31:26 2016


Gurobi 6.5.2 (linux64) logging started Thu Nov 10 17:34:49 2016


Gurobi 6.5.2 (linux64) logging started Sat Nov 12 15:05:55 2016


Gurobi 6.5.2 (linux64) logging started Sat Nov 12 15:06:38 2016


Gurobi 6.5.2 (linux64) logging started Sat Nov 12 15:07:12 2016


Gurobi 6.5.2 (linux64) logging started Sat Nov 12 15:08:49 2016


Gurobi 6.5.2 (linux64) logging started Sat Nov 12 15:09:21 2016


Gurobi 6.5.2 (linux64) logging started Sat Nov 12 15:10:02 2016


Gurobi 6.5.2 (linux64) logging started Sat Nov 12 15:10:33 2016


Gurobi 6.5.2 (linux64) logging started Sat Nov 12 15:11:08 2016


Gurobi 6.5.2 (linux64) logging started Sat Nov 12 15:12:46 2016


Gurobi 6.5.2 (linux64) logging started Sat Nov 12 15:14:54 2016


Gurobi 6.5.2 (linux64) logging started Sat Nov 12 15:17:36 2016


Gurobi 6.5.2 (linux64) logging started Sat Nov 12 15:18:35 2016


Gurobi 6.5.2 (linux64) logging started Sat Nov 12 15:19:27 2016


Gurobi 6.5.2 (linux64) logging started Sat Nov 12 15:20:05 2016


Gurobi 6.5.2 (linux64) logging started Sat Nov 12 15:21:06 2016


Gurobi 6.5.2 (linux64) logging started Sat Nov 12 16:39:07 2016


Gurobi 6.5.2 (linux64) logging started Sat Nov 12 16:41:14 2016


Gurobi 6.5.2 (linux64) logging started Sat Nov 12 16:47:58 2016


Gurobi 6.5.2 (linux64) logging started Sun Nov 13 16:41:47 2016


Gurobi 6.5.2 (linux64) logging started Sun Nov 13 16:44:13 2016


Gurobi 6.5.2 (linux64) logging started Sun Nov 13 16:44:44 2016


Gurobi 6.5.2 (linux64) logging started Sun Nov 13 16:45:34 2016


Gurobi 6.5.2 (linux64) logging started Sun Nov 13 16:46:28 2016


Gurobi 6.5.2 (linux64) logging started Sun Nov 13 16:48:03 2016


Gurobi 6.5.2 (linux64) logging started Sun Nov 13 16:48:46 2016


Gurobi 6.5.2 (linux64) logging started Sun Nov 13 16:49:09 2016


Gurobi 6.5.2 (linux64) logging started Sun Nov 13 16:51:18 2016


Gurobi 6.5.2 (linux64) logging started Sun Nov 13 16:51:51 2016


Gurobi 6.5.2 (linux64) logging started Sun Nov 13 16:52:16 2016


Gurobi 6.5.2 (linux64) logging started Sun Nov 13 16:53:24 2016


Gurobi 6.5.2 (linux64) logging started Sun Nov 13 16:54:57 2016


Gurobi 6.5.2 (linux64) logging started Sun Nov 13 16:55:41 2016


Gurobi 6.5.2 (linux64) logging started Sun Nov 13 16:56:04 2016


Gurobi 6.5.2 (linux64) logging started Sun Nov 13 16:56:44 2016


Gurobi 6.5.2 (linux64) logging started Sun Nov 13 17:00:07 2016


Gurobi 6.5.2 (linux64) logging started Sun Nov 13 17:00:58 2016


Gurobi 6.5.2 (linux64) logging started Sun Nov 13 17:02:47 2016


Gurobi 6.5.2 (linux64) logging started Sun Nov 13 17:03:24 2016


Gurobi 6.5.2 (linux64) logging started Sun Nov 13 17:04:00 2016


Gurobi 6.5.2 (linux64) logging started Sun Nov 13 17:04:50 2016


Gurobi 6.5.2 (linux64) logging started Sun Nov 13 17:05:33 2016


Gurobi 6.5.2 (linux64) logging started Sun Nov 13 17:06:15 2016


Gurobi 6.5.2 (linux64) logging started Sun Nov 13 17:07:47 2016


Gurobi 6.5.2 (linux64) logging started Sun Nov 13 17:09:38 2016


Gurobi 6.5.2 (linux64) logging started Sun Nov 13 17:10:20 2016


Gurobi 6.5.2 (linux64) logging started Sun Nov 13 17:10:57 2016


Gurobi 6.5.2 (linux64) logging started Sun Nov 13 17:12:25 2016


Gurobi 6.5.2 (linux64) logging started Sun Nov 13 17:14:54 2016


Gurobi 6.5.2 (linux64) logging started Sun Nov 13 22:47:40 2016


Gurobi 6.5.2 (linux64) logging started Sun Nov 13 22:54:26 2016


Gurobi 6.5.2 (linux64) logging started Sun Nov 13 22:56:59 2016


Gurobi 6.5.2 (linux64) logging started Sun Nov 13 22:59:03 2016


Gurobi 6.5.2 (linux64) logging started Sun Nov 13 22:59:42 2016


Gurobi 6.5.2 (linux64) logging started Sun Nov 13 23:01:59 2016


Gurobi 6.5.2 (linux64) logging started Sun Nov 13 23:07:37 2016


Gurobi 6.5.2 (linux64) logging started Sun Nov 13 23:35:12 2016


Gurobi 6.5.2 (linux64) logging started Sun Nov 13 23:44:44 2016


Gurobi 6.5.2 (linux64) logging started Sun Nov 13 23:48:19 2016


Gurobi 6.5.2 (linux64) logging started Mon Nov 14 13:46:36 2016


Gurobi 6.5.2 (linux64) logging started Mon Nov 14 13:47:08 2016


Gurobi 6.5.2 (linux64) logging started Mon Nov 14 13:47:42 2016


Gurobi 6.5.2 (linux64) logging started Mon Nov 14 13:59:34 2016


Gurobi 6.5.2 (linux64) logging started Mon Nov 14 14:00:51 2016


Gurobi 6.5.2 (linux64) logging started Mon Nov 14 15:52:02 2016


Gurobi 6.5.2 (linux64) logging started Mon Nov 14 15:59:11 2016


Gurobi 6.5.2 (linux64) logging started Mon Nov 14 16:52:52 2016


Gurobi 6.5.2 (linux64) logging started Mon Nov 14 18:39:31 2016


Gurobi 6.5.2 (linux64) logging started Mon Nov 14 18:40:26 2016


Gurobi 6.5.2 (linux64) logging started Mon Nov 14 18:42:24 2016


Gurobi 6.5.2 (linux64) logging started Mon Nov 14 18:45:20 2016


Gurobi 6.5.2 (linux64) logging started Mon Nov 14 19:07:32 2016


Gurobi 6.5.2 (linux64) logging started Mon Nov 14 19:12:26 2016


Gurobi 6.5.2 (linux64) logging started Mon Nov 14 19:13:22 2016


Gurobi 6.5.2 (linux64) logging started Mon Nov 14 19:19:46 2016


Gurobi 6.5.2 (linux64) logging started Mon Nov 14 19:20:51 2016


Gurobi 6.5.2 (linux64) logging started Mon Nov 14 19:21:46 2016


Gurobi 6.5.2 (linux64) logging started Mon Nov 14 19:22:46 2016


Gurobi 6.5.2 (linux64) logging started Mon Nov 14 19:23:26 2016


Gurobi 6.5.2 (linux64) logging started Mon Nov 14 19:26:56 2016


Gurobi 6.5.2 (linux64) logging started Mon Nov 14 19:29:08 2016


Gurobi 6.5.2 (linux64) logging started Mon Nov 14 19:29:44 2016


Gurobi 6.5.2 (linux64) logging started Mon Nov 14 19:31:05 2016


Gurobi 6.5.2 (linux64) logging started Mon Nov 14 19:32:45 2016


Gurobi 6.5.2 (linux64) logging started Mon Nov 14 19:39:48 2016


Gurobi 6.5.2 (linux64) logging started Mon Nov 14 19:40:07 2016


Gurobi 6.5.2 (linux64) logging started Mon Nov 14 19:41:02 2016


Gurobi 6.5.2 (linux64) logging started Mon Nov 14 19:48:32 2016


Gurobi 6.5.2 (linux64) logging started Mon Nov 14 19:49:16 2016


Gurobi 6.5.2 (linux64) logging started Mon Nov 14 19:58:44 2016


Gurobi 6.5.2 (linux64) logging started Mon Nov 14 20:12:39 2016


Gurobi 6.5.2 (linux64) logging started Mon Nov 14 20:21:10 2016


Gurobi 6.5.2 (linux64) logging started Mon Nov 14 22:43:50 2016


Gurobi 6.5.2 (linux64) logging started Mon Nov 14 23:07:30 2016


Gurobi 6.5.2 (linux64) logging started Tue Nov 15 18:44:08 2016


Gurobi 6.5.2 (linux64) logging started Tue Nov 15 18:56:31 2016


Gurobi 6.5.2 (linux64) logging started Tue Nov 15 19:07:26 2016


Gurobi 6.5.2 (linux64) logging started Tue Nov 15 22:52:09 2016


Gurobi 6.5.2 (linux64) logging started Thu Nov 17 22:57:24 2016


Gurobi 6.5.2 (linux64) logging started Mon Nov 28 23:11:23 2016


Gurobi 6.5.2 (linux64) logging started Tue Nov 29 17:57:28 2016


Gurobi 6.5.2 (linux64) logging started Wed Nov 30 14:16:43 2016


Gurobi 6.5.2 (linux64) logging started Wed Nov 30 17:13:00 2016


Gurobi 6.5.2 (linux64) logging started Wed Nov 30 17:41:49 2016


Gurobi 6.5.2 (linux64) logging started Wed Nov 30 21:58:44 2016


Gurobi 6.5.2 (linux64) logging started Wed Nov 30 22:02:31 2016


Gurobi 6.5.2 (linux64) logging started Wed Nov 30 22:06:58 2016


Gurobi 6.5.2 (linux64) logging started Wed Nov 30 22:11:24 2016


Gurobi 6.5.2 (linux64) logging started Wed Nov 30 22:13:14 2016


Gurobi 6.5.2 (linux64) logging started Wed Nov 30 22:23:22 2016


Gurobi 6.5.2 (linux64) logging started Wed Nov 30 22:24:30 2016


Gurobi 6.5.2 (linux64) logging started Wed Nov 30 22:25:18 2016


Gurobi 6.5.2 (linux64) logging started Wed Nov 30 22:32:28 2016


Gurobi 6.5.2 (linux64) logging started Wed Nov 30 22:41:02 2016


Gurobi 6.5.2 (linux64) logging started Wed Nov 30 22:41:51 2016


Gurobi 6.5.2 (linux64) logging started Wed Nov 30 22:44:00 2016


Gurobi 6.5.2 (linux64) logging started Wed Nov 30 22:58:16 2016


Gurobi 6.5.2 (linux64) logging started Wed Nov 30 23:03:59 2016


Gurobi 6.5.2 (linux64) logging started Wed Nov 30 23:06:56 2016


Gurobi 6.5.2 (linux64) logging started Wed Nov 30 23:16:51 2016


Gurobi 6.5.2 (linux64) logging started Wed Dec  7 16:24:38 2016


Gurobi 6.5.2 (linux64) logging started Tue Jan 10 14:04:26 2017


Gurobi 6.5.2 (linux64) logging started Thu Jan 12 17:09:43 2017


Gurobi 6.5.2 (linux64) logging started Thu Jan 12 17:38:54 2017


Gurobi 6.5.2 (linux64) logging started Thu Feb  9 00:01:53 2017


Gurobi 6.5.2 (linux64) logging started Thu Feb  9 00:25:52 2017


Gurobi 6.5.2 (linux64) logging started Thu Feb  9 00:28:43 2017


Gurobi 6.5.2 (linux64) logging started Thu Feb  9 00:29:44 2017


Gurobi 6.5.2 (linux64) logging started Thu Feb  9 00:32:20 2017


Gurobi 6.5.2 (linux64) logging started Thu Feb  9 00:34:13 2017


Gurobi 6.5.2 (linux64) logging started Thu Feb  9 00:39:20 2017


Gurobi 6.5.2 (linux64) logging started Thu Feb  9 00:43:21 2017


Gurobi 6.5.2 (linux64) logging started Thu Feb  9 00:44:22 2017


Gurobi 6.5.2 (linux64) logging started Thu Feb  9 00:47:55 2017


Gurobi 6.5.2 (linux64) logging started Thu Feb  9 00:49:22 2017


Gurobi 6.5.2 (linux64) logging started Thu Feb  9 00:54:33 2017


Gurobi 6.5.2 (linux64) logging started Thu Feb  9 00:55:45 2017


Gurobi 6.5.2 (linux64) logging started Thu Feb  9 00:57:40 2017


Gurobi 6.5.2 (linux64) logging started Thu Feb  9 00:59:42 2017


Gurobi 6.5.2 (linux64) logging started Thu Feb  9 01:01:55 2017


Gurobi 6.5.2 (linux64) logging started Thu Feb  9 22:16:27 2017


Gurobi 6.5.2 (linux64) logging started Thu Feb  9 22:29:37 2017


Gurobi 6.5.2 (linux64) logging started Thu Feb  9 22:33:38 2017


Gurobi 6.5.2 (linux64) logging started Thu Feb  9 22:34:57 2017


Gurobi 6.5.2 (linux64) logging started Thu Feb  9 22:40:26 2017


Gurobi 6.5.2 (linux64) logging started Thu Feb  9 22:42:46 2017


Gurobi 6.5.2 (linux64) logging started Thu Feb 16 19:25:46 2017


Gurobi 6.5.2 (linux64) logging started Thu Feb 16 19:32:35 2017


Gurobi 6.5.2 (linux64) logging started Thu Feb 16 19:33:28 2017


Gurobi 6.5.2 (linux64) logging started Thu Feb 16 19:35:00 2017


Gurobi 6.5.2 (linux64) logging started Thu Feb 16 19:38:43 2017


Gurobi 6.5.2 (linux64) logging started Thu Feb 16 19:39:31 2017


Gurobi 6.5.2 (linux64) logging started Thu Feb 16 19:40:28 2017


Gurobi 6.5.2 (linux64) logging started Thu Feb 16 19:42:39 2017


Gurobi 6.5.2 (linux64) logging started Thu Feb 16 19:48:52 2017


Gurobi 6.5.2 (linux64) logging started Thu Feb 16 19:49:06 2017


Gurobi 6.5.2 (linux64) logging started Thu Feb 16 19:49:54 2017


Gurobi 6.5.2 (linux64) logging started Thu Feb 16 19:51:07 2017


Gurobi 6.5.2 (linux64) logging started Thu Feb 16 19:51:57 2017


Gurobi 6.5.2 (linux64) logging started Thu Feb 16 19:56:35 2017


Gurobi 6.5.2 (linux64) logging started Thu Feb 16 22:32:36 2017


Gurobi 6.5.2 (linux64) logging started Thu Feb 16 22:34:29 2017


Gurobi 6.5.2 (linux64) logging started Thu Feb 16 22:36:43 2017


Gurobi 6.5.2 (linux64) logging started Thu Feb 16 22:41:09 2017


Gurobi 6.5.2 (linux64) logging started Thu Feb 16 22:48:27 2017


Gurobi 6.5.2 (linux64) logging started Thu Feb 16 22:56:17 2017


Gurobi 6.5.2 (linux64) logging started Thu Feb 16 23:02:21 2017


Gurobi 6.5.2 (linux64) logging started Thu Feb 16 23:08:29 2017


Gurobi 6.5.2 (linux64) logging started Thu Feb 16 23:11:19 2017


Gurobi 6.5.2 (linux64) logging started Thu Feb 16 23:12:51 2017


Gurobi 6.5.2 (linux64) logging started Thu Feb 16 23:14:50 2017


Gurobi 6.5.2 (linux64) logging started Thu Feb 16 23:16:00 2017


Gurobi 6.5.2 (linux64) logging started Thu Feb 16 23:19:09 2017


Gurobi 6.5.2 (linux64) logging started Thu Feb 16 23:31:23 2017


Gurobi 6.5.2 (linux64) logging started Thu Feb 16 23:34:33 2017


Gurobi 6.5.2 (linux64) logging started Thu Feb 16 23:41:10 2017


Gurobi 6.5.2 (linux64) logging started Thu Feb 16 23:42:49 2017


Gurobi 6.5.2 (linux64) logging started Thu Feb 16 23:43:18 2017


Gurobi 6.5.2 (linux64) logging started Thu Feb 16 23:44:15 2017


Gurobi 6.5.2 (linux64) logging started Thu Feb 16 23:54:33 2017


Gurobi 6.5.2 (linux64) logging started Thu Feb 16 23:55:26 2017


Gurobi 6.5.2 (linux64) logging started Fri Feb 17 01:37:16 2017


Gurobi 6.5.2 (linux64) logging started Fri Feb 17 01:40:56 2017


Gurobi 6.5.2 (linux64) logging started Fri Feb 17 01:41:19 2017


Gurobi 6.5.2 (linux64) logging started Fri Feb 17 01:45:28 2017


Gurobi 6.5.2 (linux64) logging started Fri Feb 17 01:46:51 2017


Gurobi 6.5.2 (linux64) logging started Fri Feb 17 01:48:26 2017


Gurobi 6.5.2 (linux64) logging started Fri Feb 17 01:49:53 2017


Gurobi 6.5.2 (linux64) logging started Fri Feb 17 01:52:20 2017


Gurobi 6.5.2 (linux64) logging started Fri Feb 17 01:55:22 2017


Gurobi 6.5.2 (linux64) logging started Fri Feb 17 01:55:37 2017


Gurobi 6.5.2 (linux64) logging started Fri Feb 17 01:56:38 2017


Gurobi 6.5.2 (linux64) logging started Fri Feb 17 01:58:08 2017


Gurobi 6.5.2 (linux64) logging started Fri Feb 17 01:59:42 2017


Gurobi 6.5.2 (linux64) logging started Fri Feb 17 02:00:21 2017


Gurobi 6.5.2 (linux64) logging started Fri Feb 17 02:04:57 2017


Gurobi 6.5.2 (linux64) logging started Fri Feb 17 02:06:54 2017


Gurobi 6.5.2 (linux64) logging started Fri Feb 17 02:12:57 2017


Gurobi 6.5.2 (linux64) logging started Fri Feb 17 02:33:57 2017


Gurobi 6.5.2 (linux64) logging started Fri Feb 17 02:35:32 2017


Gurobi 6.5.2 (linux64) logging started Fri Feb 17 02:36:51 2017


Gurobi 6.5.2 (linux64) logging started Fri Feb 17 02:39:02 2017


Gurobi 6.5.2 (linux64) logging started Fri Feb 17 02:40:06 2017


Gurobi 6.5.2 (linux64) logging started Fri Feb 17 02:40:58 2017


Gurobi 6.5.2 (linux64) logging started Fri Feb 17 02:45:19 2017


Gurobi 6.5.2 (linux64) logging started Fri Feb 17 02:45:45 2017


Gurobi 6.5.2 (linux64) logging started Fri Feb 17 14:41:41 2017


Gurobi 6.5.2 (linux64) logging started Fri Feb 17 14:53:43 2017


Gurobi 6.5.2 (linux64) logging started Fri Feb 17 14:54:29 2017


Gurobi 6.5.2 (linux64) logging started Fri Feb 17 14:57:57 2017


Gurobi 6.5.2 (linux64) logging started Fri Feb 17 14:59:12 2017


Gurobi 6.5.2 (linux64) logging started Fri Feb 17 14:59:27 2017


Gurobi 6.5.2 (linux64) logging started Fri Feb 17 15:00:17 2017


Gurobi 6.5.2 (linux64) logging started Fri Feb 17 15:08:50 2017


Gurobi 6.5.2 (linux64) logging started Fri Feb 17 15:09:56 2017


Gurobi 6.5.2 (linux64) logging started Fri Feb 17 15:10:49 2017


Gurobi 6.5.2 (linux64) logging started Fri Feb 17 15:12:09 2017


Gurobi 6.5.2 (linux64) logging started Fri Feb 17 15:13:17 2017


Gurobi 6.5.2 (linux64) logging started Fri Feb 17 15:14:21 2017


Gurobi 6.5.2 (linux64) logging started Fri Feb 17 15:14:45 2017


Gurobi 6.5.2 (linux64) logging started Fri Feb 17 15:39:28 2017


Gurobi 6.5.2 (linux64) logging started Fri Feb 17 15:40:33 2017


Gurobi 6.5.2 (linux64) logging started Fri Feb 17 15:41:35 2017


Gurobi 6.5.2 (linux64) logging started Fri Feb 17 15:42:30 2017


Gurobi 6.5.2 (linux64) logging started Fri Feb 17 15:46:56 2017


Gurobi 6.5.2 (linux64) logging started Fri Feb 17 15:47:23 2017


Gurobi 6.5.2 (linux64) logging started Fri Feb 17 15:48:04 2017


Gurobi 6.5.2 (linux64) logging started Fri Feb 17 15:54:11 2017


Gurobi 6.5.2 (linux64) logging started Fri Feb 17 16:01:49 2017


Gurobi 6.5.2 (linux64) logging started Fri Feb 17 16:02:33 2017


Gurobi 6.5.2 (linux64) logging started Fri Feb 17 16:04:43 2017


Gurobi 6.5.2 (linux64) logging started Fri Feb 17 16:09:40 2017


Gurobi 6.5.2 (linux64) logging started Fri Feb 17 16:11:41 2017


Gurobi 6.5.2 (linux64) logging started Fri Feb 17 16:12:26 2017


Gurobi 6.5.2 (linux64) logging started Fri Feb 17 16:25:11 2017


Gurobi 6.5.2 (linux64) logging started Fri Feb 17 16:28:16 2017


Gurobi 6.5.2 (linux64) logging started Fri Feb 17 16:28:21 2017


Gurobi 6.5.2 (linux64) logging started Fri Feb 17 16:29:00 2017


Gurobi 6.5.2 (linux64) logging started Fri Feb 17 16:29:35 2017


Gurobi 6.5.2 (linux64) logging started Fri Feb 17 16:30:38 2017


Gurobi 6.5.2 (linux64) logging started Fri Feb 17 16:30:56 2017


Gurobi 6.5.2 (linux64) logging started Fri Feb 17 16:31:37 2017


Gurobi 6.5.2 (linux64) logging started Fri Feb 17 16:32:35 2017


Gurobi 6.5.2 (linux64) logging started Fri Feb 17 16:33:02 2017


Gurobi 6.5.2 (linux64) logging started Fri Feb 17 16:33:22 2017


Gurobi 6.5.2 (linux64) logging started Fri Feb 17 16:36:51 2017


Gurobi 6.5.2 (linux64) logging started Fri Feb 17 16:37:33 2017


Gurobi 6.5.2 (linux64) logging started Fri Feb 17 16:37:41 2017


Gurobi 6.5.2 (linux64) logging started Fri Feb 17 16:40:46 2017


Gurobi 6.5.2 (linux64) logging started Fri Feb 17 16:41:42 2017


Gurobi 6.5.2 (linux64) logging started Fri Feb 17 16:41:58 2017


Gurobi 6.5.2 (linux64) logging started Fri Feb 17 16:42:11 2017


Gurobi 6.5.2 (linux64) logging started Fri Feb 17 16:43:05 2017


Gurobi 6.5.2 (linux64) logging started Fri Feb 17 16:43:37 2017


Gurobi 6.5.2 (linux64) logging started Fri Feb 17 16:47:23 2017


Gurobi 6.5.2 (linux64) logging started Fri Feb 17 16:49:01 2017


Gurobi 6.5.2 (linux64) logging started Fri Feb 17 16:49:43 2017


Gurobi 6.5.2 (linux64) logging started Fri Feb 17 16:50:37 2017


Gurobi 6.5.2 (linux64) logging started Fri Feb 17 16:52:12 2017


Gurobi 6.5.2 (linux64) logging started Fri Feb 17 16:52:52 2017


Gurobi 6.5.2 (linux64) logging started Fri Feb 17 16:53:45 2017


Gurobi 6.5.2 (linux64) logging started Fri Feb 17 16:55:11 2017


Gurobi 6.5.2 (linux64) logging started Fri Feb 17 16:56:52 2017


Gurobi 6.5.2 (linux64) logging started Fri Feb 17 16:57:41 2017


Gurobi 6.5.2 (linux64) logging started Fri Feb 17 16:59:52 2017


Gurobi 6.5.2 (linux64) logging started Fri Feb 17 17:00:09 2017


Gurobi 6.5.2 (linux64) logging started Fri Feb 17 17:00:38 2017


Gurobi 6.5.2 (linux64) logging started Fri Feb 17 17:01:02 2017


Gurobi 6.5.2 (linux64) logging started Fri Feb 17 17:01:28 2017


Gurobi 6.5.2 (linux64) logging started Fri Feb 17 17:02:03 2017


Gurobi 6.5.2 (linux64) logging started Fri Feb 17 17:02:32 2017


Gurobi 6.5.2 (linux64) logging started Fri Feb 17 17:03:19 2017


Gurobi 6.5.2 (linux64) logging started Fri Feb 17 17:04:16 2017


Gurobi 6.5.2 (linux64) logging started Fri Feb 17 17:05:26 2017


Gurobi 6.5.2 (linux64) logging started Fri Feb 17 17:06:07 2017


Gurobi 6.5.2 (linux64) logging started Fri Feb 17 17:06:34 2017


Gurobi 6.5.2 (linux64) logging started Fri Feb 17 17:07:29 2017


Gurobi 6.5.2 (linux64) logging started Fri Feb 17 17:08:24 2017


Gurobi 6.5.2 (linux64) logging started Fri Feb 17 17:10:28 2017


Gurobi 6.5.2 (linux64) logging started Fri Feb 17 17:11:13 2017


Gurobi 6.5.2 (linux64) logging started Fri Feb 17 17:11:39 2017


Gurobi 6.5.2 (linux64) logging started Fri Feb 17 17:13:11 2017


Gurobi 6.5.2 (linux64) logging started Fri Feb 17 17:13:39 2017


Gurobi 6.5.2 (linux64) logging started Fri Feb 17 17:14:43 2017


Gurobi 6.5.2 (linux64) logging started Fri Feb 17 17:16:11 2017


Gurobi 6.5.2 (linux64) logging started Fri Feb 17 17:17:41 2017


Gurobi 6.5.2 (linux64) logging started Fri Feb 17 17:17:51 2017


Gurobi 6.5.2 (linux64) logging started Fri Feb 17 17:18:31 2017


Gurobi 6.5.2 (linux64) logging started Fri Feb 17 17:18:46 2017


Gurobi 6.5.2 (linux64) logging started Fri Feb 17 17:22:17 2017


Gurobi 6.5.2 (linux64) logging started Fri Feb 17 17:22:26 2017


Gurobi 6.5.2 (linux64) logging started Fri Feb 17 17:22:34 2017


Gurobi 6.5.2 (linux64) logging started Fri Feb 17 17:24:44 2017


Gurobi 6.5.2 (linux64) logging started Fri Feb 17 17:25:02 2017


Gurobi 6.5.2 (linux64) logging started Fri Feb 17 17:25:10 2017


Gurobi 6.5.2 (linux64) logging started Mon Feb 20 01:20:02 2017


Gurobi 6.5.2 (linux64) logging started Mon Feb 20 01:20:25 2017


Gurobi 6.5.2 (linux64) logging started Mon Feb 20 01:20:46 2017


Gurobi 6.5.2 (linux64) logging started Mon Feb 20 01:20:58 2017


Gurobi 6.5.2 (linux64) logging started Mon Feb 20 01:38:32 2017


Gurobi 6.5.2 (linux64) logging started Mon Feb 20 01:40:41 2017


Gurobi 6.5.2 (linux64) logging started Mon Feb 20 01:42:52 2017


Gurobi 6.5.2 (linux64) logging started Mon Feb 20 01:43:35 2017


Gurobi 6.5.2 (linux64) logging started Mon Feb 20 01:48:52 2017


Gurobi 6.5.2 (linux64) logging started Mon Feb 20 01:49:32 2017


Gurobi 6.5.2 (linux64) logging started Mon Feb 20 02:04:11 2017


Gurobi 6.5.2 (linux64) logging started Mon Feb 20 02:04:34 2017


Gurobi 6.5.2 (linux64) logging started Mon Feb 20 02:05:35 2017


Gurobi 6.5.2 (linux64) logging started Mon Feb 20 02:07:30 2017


Gurobi 6.5.2 (linux64) logging started Mon Feb 20 02:07:37 2017


Gurobi 6.5.2 (linux64) logging started Mon Feb 20 02:07:58 2017


Gurobi 6.5.2 (linux64) logging started Mon Feb 20 02:08:09 2017


Gurobi 6.5.2 (linux64) logging started Mon Feb 20 02:08:17 2017


Gurobi 6.5.2 (linux64) logging started Mon Feb 20 02:09:01 2017


Gurobi 6.5.2 (linux64) logging started Mon Feb 20 02:09:56 2017


Gurobi 6.5.2 (linux64) logging started Mon Feb 20 02:10:32 2017


Gurobi 6.5.2 (linux64) logging started Mon Feb 20 02:10:51 2017


Gurobi 6.5.2 (linux64) logging started Mon Feb 20 02:12:30 2017


Gurobi 6.5.2 (linux64) logging started Mon Feb 20 02:12:43 2017


Gurobi 6.5.2 (linux64) logging started Mon Feb 20 02:12:51 2017


Gurobi 6.5.2 (linux64) logging started Mon Feb 20 02:13:09 2017


Gurobi 6.5.2 (linux64) logging started Mon Feb 20 02:13:18 2017


Gurobi 6.5.2 (linux64) logging started Mon Feb 20 02:13:35 2017


Gurobi 6.5.2 (linux64) logging started Wed Feb 22 15:45:48 2017


Gurobi 6.5.2 (linux64) logging started Wed Feb 22 15:48:24 2017


Gurobi 6.5.2 (linux64) logging started Wed Feb 22 15:48:40 2017


Gurobi 6.5.2 (linux64) logging started Wed Feb 22 15:48:58 2017


Gurobi 6.5.2 (linux64) logging started Wed Feb 22 15:49:14 2017


Gurobi 6.5.2 (linux64) logging started Wed Feb 22 15:50:13 2017


Gurobi 6.5.2 (linux64) logging started Wed Feb 22 15:51:06 2017


Gurobi 6.5.2 (linux64) logging started Wed Feb 22 15:53:03 2017


Gurobi 6.5.2 (linux64) logging started Wed Feb 22 15:53:37 2017


Gurobi 6.5.2 (linux64) logging started Wed Feb 22 15:53:48 2017


Gurobi 6.5.2 (linux64) logging started Wed Feb 22 15:55:00 2017


Gurobi 6.5.2 (linux64) logging started Wed Feb 22 16:15:37 2017


Gurobi 6.5.2 (linux64) logging started Wed Feb 22 16:16:32 2017


Gurobi 6.5.2 (linux64) logging started Wed Feb 22 16:17:38 2017


Gurobi 6.5.2 (linux64) logging started Sat Feb 25 03:00:11 2017


Gurobi 6.5.2 (linux64) logging started Tue Feb 28 16:44:10 2017


Gurobi 6.5.2 (linux64) logging started Tue Feb 28 16:50:33 2017


Gurobi 6.5.2 (linux64) logging started Tue Feb 28 16:52:43 2017


Gurobi 6.5.2 (linux64) logging started Tue Feb 28 16:58:05 2017


Gurobi 6.5.2 (linux64) logging started Tue Feb 28 16:59:20 2017


Gurobi 6.5.2 (linux64) logging started Wed Mar  1 13:13:50 2017


Gurobi 6.5.2 (linux64) logging started Wed Mar  1 13:39:59 2017


Gurobi 6.5.2 (linux64) logging started Wed Mar  1 15:30:31 2017


Gurobi 6.5.2 (linux64) logging started Wed Mar  1 15:31:37 2017


Gurobi 6.5.2 (linux64) logging started Wed Mar  1 15:34:17 2017


Gurobi 6.5.2 (linux64) logging started Wed Mar  1 15:37:12 2017


Gurobi 6.5.2 (linux64) logging started Mon Mar  6 16:08:43 2017


Gurobi 6.5.2 (linux64) logging started Mon Mar  6 16:34:51 2017


Gurobi 6.5.2 (linux64) logging started Mon Mar  6 16:41:23 2017


Gurobi 6.5.2 (linux64) logging started Mon Mar  6 16:47:26 2017


Gurobi 6.5.2 (linux64) logging started Mon Mar 13 01:48:24 2017


Gurobi 6.5.2 (linux64) logging started Mon Mar 13 01:54:44 2017


Gurobi 6.5.2 (linux64) logging started Mon Mar 13 01:57:03 2017


Gurobi 6.5.2 (linux64) logging started Mon Mar 13 02:00:10 2017


Gurobi 6.5.2 (linux64) logging started Mon Mar 13 02:00:53 2017


Gurobi 6.5.2 (linux64) logging started Mon Mar 13 02:03:52 2017


Gurobi 6.5.2 (linux64) logging started Mon Mar 13 02:08:24 2017


Gurobi 6.5.2 (linux64) logging started Mon Mar 13 02:10:15 2017


Gurobi 6.5.2 (linux64) logging started Mon Mar 13 02:11:03 2017


Gurobi 6.5.2 (linux64) logging started Mon Mar 13 02:12:13 2017


Gurobi 6.5.2 (linux64) logging started Mon Mar 13 02:19:50 2017


Gurobi 6.5.2 (linux64) logging started Mon Mar 13 02:40:29 2017


Gurobi 6.5.2 (linux64) logging started Mon Mar 13 02:41:07 2017


Gurobi 6.5.2 (linux64) logging started Mon Mar 13 02:43:08 2017


Gurobi 6.5.2 (linux64) logging started Mon Mar 13 02:53:41 2017


Gurobi 6.5.2 (linux64) logging started Mon Mar 13 03:07:38 2017


Gurobi 6.5.2 (linux64) logging started Mon Mar 13 03:19:20 2017


Gurobi 6.5.2 (linux64) logging started Mon Mar 13 03:33:30 2017


Gurobi 6.5.2 (linux64) logging started Mon Mar 13 03:39:22 2017


Gurobi 6.5.2 (linux64) logging started Mon Mar 13 10:57:01 2017


Gurobi 6.5.2 (linux64) logging started Mon Mar 13 11:17:46 2017


Gurobi 6.5.2 (linux64) logging started Mon Mar 13 11:35:33 2017


Gurobi 6.5.2 (linux64) logging started Mon Mar 13 11:38:10 2017


Gurobi 6.5.2 (linux64) logging started Tue Mar 14 16:16:03 2017


Gurobi 6.5.2 (linux64) logging started Tue Mar 14 16:24:53 2017


Gurobi 6.5.2 (linux64) logging started Tue Mar 14 16:33:46 2017


Gurobi 6.5.2 (linux64) logging started Tue Mar 14 16:38:20 2017


Gurobi 6.5.2 (linux64) logging started Tue Mar 14 16:38:55 2017


Gurobi 6.5.2 (linux64) logging started Tue Mar 14 16:39:50 2017


Gurobi 6.5.2 (linux64) logging started Tue Mar 14 16:45:12 2017


Gurobi 6.5.2 (linux64) logging started Tue Mar 14 16:48:20 2017


Gurobi 6.5.2 (linux64) logging started Tue Mar 14 16:54:18 2017


Gurobi 6.5.2 (linux64) logging started Tue Mar 14 16:56:44 2017


Gurobi 6.5.2 (linux64) logging started Tue Mar 14 16:57:34 2017


Gurobi 6.5.2 (linux64) logging started Wed Mar 15 14:33:45 2017


Gurobi 6.5.2 (linux64) logging started Wed Mar 15 14:36:27 2017


Gurobi 6.5.2 (linux64) logging started Wed Mar 15 14:49:29 2017


Gurobi 6.5.2 (linux64) logging started Wed Mar 15 14:55:26 2017


Gurobi 6.5.2 (linux64) logging started Wed Mar 15 15:02:27 2017


Gurobi 6.5.2 (linux64) logging started Wed Mar 15 15:09:45 2017


Gurobi 6.5.2 (linux64) logging started Wed Mar 15 15:10:31 2017


Gurobi 6.5.2 (linux64) logging started Wed Mar 15 15:11:45 2017


Gurobi 6.5.2 (linux64) logging started Wed Mar 15 15:15:52 2017


Gurobi 6.5.2 (linux64) logging started Wed Mar 15 15:18:44 2017


Gurobi 6.5.2 (linux64) logging started Wed Mar 15 15:22:12 2017


Gurobi 6.5.2 (linux64) logging started Wed Mar 15 15:24:51 2017


Gurobi 6.5.2 (linux64) logging started Wed Mar 15 15:29:57 2017


Gurobi 6.5.2 (linux64) logging started Wed Mar 15 15:34:27 2017


Gurobi 6.5.2 (linux64) logging started Wed Mar 15 15:37:48 2017


Gurobi 6.5.2 (linux64) logging started Wed Mar 15 15:42:20 2017


Gurobi 6.5.2 (linux64) logging started Wed Mar 15 16:46:37 2017


Gurobi 6.5.2 (linux64) logging started Wed Mar 15 16:56:59 2017


Gurobi 6.5.2 (linux64) logging started Wed Mar 15 17:13:10 2017


Gurobi 6.5.2 (linux64) logging started Wed Mar 15 17:21:12 2017


Gurobi 6.5.2 (linux64) logging started Wed Mar 15 17:21:47 2017


Gurobi 6.5.2 (linux64) logging started Wed Mar 15 17:25:37 2017


Gurobi 6.5.2 (linux64) logging started Wed Mar 15 17:31:15 2017


Gurobi 6.5.2 (linux64) logging started Thu Mar 16 01:33:29 2017


Gurobi 6.5.2 (linux64) logging started Thu Mar 16 01:35:06 2017


Gurobi 6.5.2 (linux64) logging started Thu Mar 16 01:36:32 2017


Gurobi 6.5.2 (linux64) logging started Thu Mar 16 01:41:13 2017


Gurobi 6.5.2 (linux64) logging started Thu Mar 16 02:02:05 2017


Gurobi 6.5.2 (linux64) logging started Thu Mar 16 02:06:23 2017


Gurobi 6.5.2 (linux64) logging started Thu Mar 16 02:07:26 2017


Gurobi 6.5.2 (linux64) logging started Thu Mar 16 02:10:02 2017


Gurobi 6.5.2 (linux64) logging started Thu Mar 16 02:10:22 2017


Gurobi 6.5.2 (linux64) logging started Thu Mar 16 02:10:42 2017


Gurobi 6.5.2 (linux64) logging started Thu Mar 16 02:15:51 2017


Gurobi 6.5.2 (linux64) logging started Thu Mar 16 02:17:09 2017


Gurobi 6.5.2 (linux64) logging started Thu Mar 16 02:21:06 2017


Gurobi 6.5.2 (linux64) logging started Fri Mar 17 03:34:15 2017


Gurobi 6.5.2 (linux64) logging started Fri Mar 17 03:35:37 2017


Gurobi 6.5.2 (linux64) logging started Fri Mar 17 03:36:27 2017


Gurobi 6.5.2 (linux64) logging started Fri Mar 17 03:38:03 2017


Gurobi 6.5.2 (linux64) logging started Fri Mar 17 03:42:47 2017


Gurobi 6.5.2 (linux64) logging started Fri Mar 17 03:44:45 2017


Gurobi 6.5.2 (linux64) logging started Fri Mar 17 03:46:30 2017


Gurobi 6.5.2 (linux64) logging started Fri Mar 17 03:48:17 2017


Gurobi 6.5.2 (linux64) logging started Fri Mar 17 03:51:37 2017


Gurobi 6.5.2 (linux64) logging started Fri Mar 17 03:52:33 2017


Gurobi 6.5.2 (linux64) logging started Fri Mar 17 03:56:41 2017


Gurobi 6.5.2 (linux64) logging started Fri Mar 17 03:58:43 2017


Gurobi 6.5.2 (linux64) logging started Fri Mar 17 04:00:20 2017


Gurobi 6.5.2 (linux64) logging started Fri Mar 17 04:01:14 2017


Gurobi 6.5.2 (linux64) logging started Fri Mar 17 04:05:01 2017


Gurobi 6.5.2 (linux64) logging started Fri Mar 17 04:07:20 2017


Gurobi 6.5.2 (linux64) logging started Fri Mar 17 04:11:59 2017


Gurobi 6.5.2 (linux64) logging started Fri Mar 17 04:14:31 2017


Gurobi 6.5.2 (linux64) logging started Fri Mar 17 14:35:59 2017


Gurobi 6.5.2 (linux64) logging started Fri Mar 17 14:48:57 2017


Gurobi 6.5.2 (linux64) logging started Fri Mar 17 14:59:58 2017


Gurobi 6.5.2 (linux64) logging started Fri Mar 17 15:27:05 2017


Gurobi 6.5.2 (linux64) logging started Fri Mar 17 15:27:35 2017


Gurobi 6.5.2 (linux64) logging started Fri Mar 17 15:45:20 2017


Gurobi 6.5.2 (linux64) logging started Fri Mar 17 15:52:32 2017


Gurobi 6.5.2 (linux64) logging started Fri Mar 17 15:58:56 2017


Gurobi 6.5.2 (linux64) logging started Fri Mar 17 16:59:05 2017


Gurobi 6.5.2 (linux64) logging started Fri Mar 17 17:00:29 2017


Gurobi 6.5.2 (linux64) logging started Fri Mar 17 17:01:03 2017


Gurobi 6.5.2 (linux64) logging started Fri Mar 17 17:02:44 2017


Gurobi 6.5.2 (linux64) logging started Fri Mar 17 17:11:51 2017


Gurobi 6.5.2 (linux64) logging started Fri Mar 17 17:14:16 2017


Gurobi 6.5.2 (linux64) logging started Fri Mar 17 17:18:13 2017


Gurobi 6.5.2 (linux64) logging started Fri Mar 17 17:23:16 2017


Gurobi 6.5.2 (linux64) logging started Fri Mar 17 17:25:02 2017


Gurobi 6.5.2 (linux64) logging started Mon Mar 20 01:56:09 2017


Gurobi 6.5.2 (linux64) logging started Mon Mar 20 02:03:33 2017


Gurobi 6.5.2 (linux64) logging started Mon Mar 20 02:04:16 2017


Gurobi 6.5.2 (linux64) logging started Mon Mar 20 02:05:53 2017


Gurobi 6.5.2 (linux64) logging started Mon Mar 20 02:08:14 2017


Gurobi 6.5.2 (linux64) logging started Mon Mar 20 02:09:23 2017


Gurobi 6.5.2 (linux64) logging started Mon Mar 20 02:10:01 2017


Gurobi 6.5.2 (linux64) logging started Mon Mar 20 02:15:09 2017


Gurobi 6.5.2 (linux64) logging started Mon Mar 20 02:16:08 2017


Gurobi 6.5.2 (linux64) logging started Mon Mar 20 02:17:12 2017


Gurobi 6.5.2 (linux64) logging started Mon Mar 20 02:20:22 2017


Gurobi 6.5.2 (linux64) logging started Mon Mar 20 02:21:32 2017


Gurobi 6.5.2 (linux64) logging started Mon Mar 20 02:29:25 2017


Gurobi 6.5.2 (linux64) logging started Mon Mar 20 02:42:27 2017


Gurobi 6.5.2 (linux64) logging started Mon Mar 20 02:49:11 2017


Gurobi 6.5.2 (linux64) logging started Mon Mar 20 02:49:46 2017


Gurobi 6.5.2 (linux64) logging started Mon Mar 20 02:51:28 2017


Gurobi 6.5.2 (linux64) logging started Mon Mar 20 02:52:18 2017


Gurobi 6.5.2 (linux64) logging started Mon Mar 20 02:53:09 2017


Gurobi 6.5.2 (linux64) logging started Mon Mar 20 02:57:27 2017


Gurobi 6.5.2 (linux64) logging started Tue Mar 21 23:55:15 2017


Gurobi 6.5.2 (linux64) logging started Wed Mar 22 00:19:25 2017


Gurobi 6.5.2 (linux64) logging started Wed Mar 22 00:29:08 2017


Gurobi 6.5.2 (linux64) logging started Wed Mar 22 00:32:09 2017


Gurobi 6.5.2 (linux64) logging started Wed Mar 22 00:36:21 2017


Gurobi 6.5.2 (linux64) logging started Wed Mar 22 00:38:30 2017


Gurobi 6.5.2 (linux64) logging started Wed Mar 22 00:43:16 2017


Gurobi 6.5.2 (linux64) logging started Wed Mar 22 00:45:48 2017


Gurobi 6.5.2 (linux64) logging started Wed Mar 22 00:51:52 2017


Gurobi 6.5.2 (linux64) logging started Wed Mar 22 00:55:40 2017


Gurobi 6.5.2 (linux64) logging started Wed Mar 22 00:57:13 2017


Gurobi 6.5.2 (linux64) logging started Wed Mar 22 01:01:52 2017


Gurobi 6.5.2 (linux64) logging started Wed Mar 22 01:24:10 2017


Gurobi 6.5.2 (linux64) logging started Wed Mar 22 01:24:32 2017


Gurobi 6.5.2 (linux64) logging started Wed Mar 22 01:28:43 2017


Gurobi 6.5.2 (linux64) logging started Wed Mar 22 01:30:08 2017


Gurobi 6.5.2 (linux64) logging started Wed Mar 22 01:35:04 2017


Gurobi 6.5.2 (linux64) logging started Wed Mar 22 01:40:19 2017


Gurobi 6.5.2 (linux64) logging started Wed Mar 22 03:44:30 2017


Gurobi 6.5.2 (linux64) logging started Wed Mar 22 04:02:47 2017


Gurobi 6.5.2 (linux64) logging started Wed Mar 22 04:06:27 2017


Gurobi 6.5.2 (linux64) logging started Wed Mar 22 04:09:14 2017


Gurobi 6.5.2 (linux64) logging started Wed Mar 22 04:11:54 2017


Gurobi 6.5.2 (linux64) logging started Wed Mar 22 04:13:26 2017


Gurobi 6.5.2 (linux64) logging started Wed Mar 22 04:18:41 2017


Gurobi 6.5.2 (linux64) logging started Wed Mar 22 04:25:21 2017


Gurobi 6.5.2 (linux64) logging started Wed Mar 22 04:29:29 2017


Gurobi 6.5.2 (linux64) logging started Wed Mar 22 04:32:07 2017


Gurobi 6.5.2 (linux64) logging started Wed Mar 22 15:46:49 2017


Gurobi 6.5.2 (linux64) logging started Wed Mar 22 16:15:46 2017


Gurobi 6.5.2 (linux64) logging started Wed Mar 22 16:18:11 2017


Gurobi 6.5.2 (linux64) logging started Wed Mar 22 16:20:52 2017


Gurobi 6.5.2 (linux64) logging started Wed Mar 22 16:29:51 2017


Gurobi 6.5.2 (linux64) logging started Wed Mar 22 16:39:16 2017


Gurobi 6.5.2 (linux64) logging started Wed Mar 22 16:42:03 2017


Gurobi 6.5.2 (linux64) logging started Wed Mar 22 16:46:24 2017


Gurobi 6.5.2 (linux64) logging started Wed Mar 22 16:49:35 2017


Gurobi 6.5.2 (linux64) logging started Wed Mar 22 16:54:02 2017


Gurobi 6.5.2 (linux64) logging started Wed Mar 22 16:58:17 2017


Gurobi 6.5.2 (linux64) logging started Wed Mar 22 17:06:21 2017


Gurobi 6.5.2 (linux64) logging started Wed Mar 22 17:10:02 2017


Gurobi 6.5.2 (linux64) logging started Wed Mar 22 17:13:07 2017


Gurobi 6.5.2 (linux64) logging started Wed Mar 22 17:18:51 2017


Gurobi 6.5.2 (linux64) logging started Wed Mar 22 17:21:12 2017


Gurobi 6.5.2 (linux64) logging started Wed Mar 22 17:23:41 2017


Gurobi 6.5.2 (linux64) logging started Wed Mar 22 17:24:32 2017


Gurobi 6.5.2 (linux64) logging started Wed Mar 22 17:27:50 2017


Gurobi 6.5.2 (linux64) logging started Wed Mar 22 17:30:23 2017


Gurobi 6.5.2 (linux64) logging started Wed Mar 22 17:31:52 2017


Gurobi 6.5.2 (linux64) logging started Wed Mar 22 17:36:44 2017


Gurobi 6.5.2 (linux64) logging started Wed Mar 22 17:38:05 2017


Gurobi 6.5.2 (linux64) logging started Wed Mar 22 17:41:25 2017


Gurobi 6.5.2 (linux64) logging started Wed Mar 22 17:45:33 2017


Gurobi 6.5.2 (linux64) logging started Wed Mar 22 17:49:25 2017


Gurobi 6.5.2 (linux64) logging started Wed Mar 22 18:19:18 2017


Gurobi 6.5.2 (linux64) logging started Wed Mar 22 18:33:08 2017


Gurobi 6.5.2 (linux64) logging started Wed Mar 22 18:37:56 2017


Gurobi 6.5.2 (linux64) logging started Wed Mar 22 18:42:38 2017


Gurobi 6.5.2 (linux64) logging started Wed Mar 22 18:45:30 2017


Gurobi 6.5.2 (linux64) logging started Thu Mar 23 14:30:29 2017


Gurobi 6.5.2 (linux64) logging started Thu Mar 23 14:39:01 2017


Gurobi 6.5.2 (linux64) logging started Thu Mar 23 14:56:03 2017


Gurobi 6.5.2 (linux64) logging started Thu Mar 23 14:56:29 2017


Gurobi 6.5.2 (linux64) logging started Thu Mar 23 15:01:47 2017


Gurobi 6.5.2 (linux64) logging started Thu Mar 23 15:29:09 2017


Gurobi 6.5.2 (linux64) logging started Thu Mar 23 15:29:37 2017


Gurobi 6.5.2 (linux64) logging started Thu Mar 23 15:46:17 2017


Gurobi 6.5.2 (linux64) logging started Thu Mar 23 15:58:26 2017


Gurobi 6.5.2 (linux64) logging started Thu Mar 23 16:01:04 2017


Gurobi 6.5.2 (linux64) logging started Thu Mar 23 16:09:16 2017


Gurobi 6.5.2 (linux64) logging started Thu Mar 23 16:13:25 2017


Gurobi 6.5.2 (linux64) logging started Sun Mar 26 01:15:49 2017


Gurobi 6.5.2 (linux64) logging started Sun Mar 26 01:21:15 2017


Gurobi 6.5.2 (linux64) logging started Sun Mar 26 01:30:36 2017


Gurobi 6.5.2 (linux64) logging started Sun Mar 26 01:37:56 2017


Gurobi 6.5.2 (linux64) logging started Sun Mar 26 01:45:54 2017


Gurobi 6.5.2 (linux64) logging started Sun Mar 26 01:56:05 2017


Gurobi 6.5.2 (linux64) logging started Sun Mar 26 01:58:47 2017


Gurobi 6.5.2 (linux64) logging started Sun Mar 26 02:00:59 2017


Gurobi 6.5.2 (linux64) logging started Sun Mar 26 02:09:26 2017


Gurobi 6.5.2 (linux64) logging started Sun Mar 26 02:15:12 2017


Gurobi 6.5.2 (linux64) logging started Sun Mar 26 02:20:00 2017


Gurobi 6.5.2 (linux64) logging started Sun Mar 26 02:32:43 2017


Gurobi 6.5.2 (linux64) logging started Sun Mar 26 02:34:30 2017


Gurobi 6.5.2 (linux64) logging started Sun Mar 26 02:36:13 2017


Gurobi 6.5.2 (linux64) logging started Sun Mar 26 02:39:17 2017


Gurobi 6.5.2 (linux64) logging started Sun Mar 26 02:41:59 2017


Gurobi 6.5.2 (linux64) logging started Sun Mar 26 02:45:12 2017


Gurobi 6.5.2 (linux64) logging started Sun Mar 26 02:52:00 2017


Gurobi 6.5.2 (linux64) logging started Sun Mar 26 02:54:46 2017


Gurobi 6.5.2 (linux64) logging started Sun Mar 26 02:55:27 2017


Gurobi 6.5.2 (linux64) logging started Sun Mar 26 02:59:29 2017


Gurobi 6.5.2 (linux64) logging started Sun Mar 26 03:05:40 2017


Gurobi 6.5.2 (linux64) logging started Sun Mar 26 03:05:54 2017


Gurobi 6.5.2 (linux64) logging started Sun Mar 26 03:08:44 2017


Gurobi 6.5.2 (linux64) logging started Sun Mar 26 03:14:07 2017


Gurobi 6.5.2 (linux64) logging started Sun Mar 26 03:17:18 2017


Gurobi 6.5.2 (linux64) logging started Sun Mar 26 03:19:20 2017


Gurobi 6.5.2 (linux64) logging started Sun Mar 26 03:31:10 2017


Gurobi 6.5.2 (linux64) logging started Sun Mar 26 03:39:11 2017


Gurobi 6.5.2 (linux64) logging started Sun Mar 26 03:40:53 2017


Gurobi 6.5.2 (linux64) logging started Sun Mar 26 03:54:16 2017


Gurobi 6.5.2 (linux64) logging started Sun Mar 26 03:56:20 2017


Gurobi 6.5.2 (linux64) logging started Sun Mar 26 03:56:29 2017


Gurobi 6.5.2 (linux64) logging started Sun Mar 26 03:56:42 2017


Gurobi 6.5.2 (linux64) logging started Sun Mar 26 03:56:56 2017


Gurobi 6.5.2 (linux64) logging started Sun Mar 26 04:01:55 2017


Gurobi 6.5.2 (linux64) logging started Sun Mar 26 04:08:28 2017


Gurobi 6.5.2 (linux64) logging started Sun Mar 26 04:09:38 2017


Gurobi 6.5.2 (linux64) logging started Sun Mar 26 16:50:30 2017


Gurobi 6.5.2 (linux64) logging started Sun Mar 26 16:52:14 2017


Gurobi 6.5.2 (linux64) logging started Sun Mar 26 16:56:08 2017


Gurobi 6.5.2 (linux64) logging started Sun Mar 26 16:56:17 2017


Gurobi 6.5.2 (linux64) logging started Sun Mar 26 16:56:27 2017


Gurobi 6.5.2 (linux64) logging started Sun Mar 26 16:57:11 2017


Gurobi 6.5.2 (linux64) logging started Sun Mar 26 16:59:11 2017


Gurobi 6.5.2 (linux64) logging started Sun Mar 26 16:59:35 2017


Gurobi 6.5.2 (linux64) logging started Sun Mar 26 17:07:25 2017


Gurobi 6.5.2 (linux64) logging started Sun Mar 26 17:14:41 2017


Gurobi 6.5.2 (linux64) logging started Sun Mar 26 17:19:42 2017


Gurobi 6.5.2 (linux64) logging started Sun Mar 26 17:24:38 2017


Gurobi 6.5.2 (linux64) logging started Sun Mar 26 17:34:08 2017


Gurobi 6.5.2 (linux64) logging started Sun Mar 26 17:44:00 2017


Gurobi 6.5.2 (linux64) logging started Sun Mar 26 17:45:50 2017


Gurobi 6.5.2 (linux64) logging started Sun Mar 26 17:46:11 2017


Gurobi 6.5.2 (linux64) logging started Sun Mar 26 17:48:55 2017


Gurobi 6.5.2 (linux64) logging started Sun Mar 26 17:53:28 2017


Gurobi 6.5.2 (linux64) logging started Sun Mar 26 18:01:04 2017


Gurobi 6.5.2 (linux64) logging started Sun Mar 26 18:02:59 2017


Gurobi 6.5.2 (linux64) logging started Sun Mar 26 18:07:18 2017


Gurobi 6.5.2 (linux64) logging started Sun Mar 26 18:14:44 2017


Gurobi 6.5.2 (linux64) logging started Sun Mar 26 18:28:35 2017


Gurobi 6.5.2 (linux64) logging started Sun Mar 26 18:42:13 2017


Gurobi 6.5.2 (linux64) logging started Sun Mar 26 18:49:13 2017


Gurobi 6.5.2 (linux64) logging started Sun Mar 26 18:58:13 2017


Gurobi 6.5.2 (linux64) logging started Sun Mar 26 18:58:41 2017


Gurobi 6.5.2 (linux64) logging started Sun Mar 26 18:59:01 2017


Gurobi 6.5.2 (linux64) logging started Sun Mar 26 19:00:22 2017


Gurobi 6.5.2 (linux64) logging started Sun Mar 26 19:00:49 2017


Gurobi 6.5.2 (linux64) logging started Sun Mar 26 19:09:05 2017


Gurobi 6.5.2 (linux64) logging started Sun Mar 26 19:10:46 2017


Gurobi 6.5.2 (linux64) logging started Sun Mar 26 19:22:47 2017


Gurobi 6.5.2 (linux64) logging started Sun Mar 26 19:54:08 2017


Gurobi 6.5.2 (linux64) logging started Sun Mar 26 19:54:51 2017


Gurobi 6.5.2 (linux64) logging started Sun Mar 26 19:55:31 2017


Gurobi 6.5.2 (linux64) logging started Sun Mar 26 20:11:25 2017


Gurobi 6.5.2 (linux64) logging started Mon Mar 27 16:53:57 2017


Gurobi 6.5.2 (linux64) logging started Mon Mar 27 17:08:28 2017


Gurobi 6.5.2 (linux64) logging started Mon Mar 27 17:16:27 2017


Gurobi 6.5.2 (linux64) logging started Mon Mar 27 17:20:21 2017


Gurobi 6.5.2 (linux64) logging started Mon Mar 27 17:24:16 2017


Gurobi 6.5.2 (linux64) logging started Mon Mar 27 17:30:33 2017


Gurobi 6.5.2 (linux64) logging started Mon Mar 27 17:35:06 2017


Gurobi 6.5.2 (linux64) logging started Mon Mar 27 17:39:47 2017


Gurobi 6.5.2 (linux64) logging started Mon Mar 27 17:40:04 2017


Gurobi 6.5.2 (linux64) logging started Mon Mar 27 17:46:21 2017


Gurobi 6.5.2 (linux64) logging started Mon Mar 27 17:51:05 2017


Gurobi 6.5.2 (linux64) logging started Mon Mar 27 17:57:51 2017


Gurobi 6.5.2 (linux64) logging started Mon Mar 27 18:09:57 2017


Gurobi 6.5.2 (linux64) logging started Mon Mar 27 18:21:35 2017


Gurobi 6.5.2 (linux64) logging started Mon Mar 27 18:22:34 2017


Gurobi 6.5.2 (linux64) logging started Mon Mar 27 18:23:30 2017


Gurobi 6.5.2 (linux64) logging started Mon Mar 27 18:28:33 2017


Gurobi 6.5.2 (linux64) logging started Mon Mar 27 18:38:14 2017


Gurobi 6.5.2 (linux64) logging started Mon Mar 27 18:42:29 2017


Gurobi 6.5.2 (linux64) logging started Mon Mar 27 18:46:21 2017


Gurobi 6.5.2 (linux64) logging started Mon Mar 27 18:55:32 2017


Gurobi 6.5.2 (linux64) logging started Mon Mar 27 19:00:19 2017


Gurobi 6.5.2 (linux64) logging started Mon Mar 27 19:04:50 2017


Gurobi 6.5.2 (linux64) logging started Mon Mar 27 19:13:04 2017


Gurobi 6.5.2 (linux64) logging started Mon Mar 27 19:19:43 2017


Gurobi 6.5.2 (linux64) logging started Mon Mar 27 19:25:26 2017


Gurobi 6.5.2 (linux64) logging started Mon Mar 27 19:30:08 2017


Gurobi 6.5.2 (linux64) logging started Mon Mar 27 19:38:07 2017


Gurobi 6.5.2 (linux64) logging started Mon Mar 27 19:45:05 2017


Gurobi 6.5.2 (linux64) logging started Mon Mar 27 19:52:37 2017


Gurobi 6.5.2 (linux64) logging started Mon Mar 27 19:52:51 2017


Gurobi 6.5.2 (linux64) logging started Mon Mar 27 19:53:02 2017


Gurobi 6.5.2 (linux64) logging started Mon Mar 27 19:53:16 2017


Gurobi 6.5.2 (linux64) logging started Mon Mar 27 19:53:46 2017


Gurobi 6.5.2 (linux64) logging started Mon Mar 27 19:53:59 2017


Gurobi 6.5.2 (linux64) logging started Mon Mar 27 19:54:08 2017


Gurobi 6.5.2 (linux64) logging started Mon Mar 27 19:54:58 2017


Gurobi 6.5.2 (linux64) logging started Mon Mar 27 19:59:44 2017


Gurobi 6.5.2 (linux64) logging started Mon Mar 27 20:10:47 2017


Gurobi 6.5.2 (linux64) logging started Mon Mar 27 20:19:17 2017


Gurobi 6.5.2 (linux64) logging started Mon Mar 27 23:22:50 2017


Gurobi 6.5.2 (linux64) logging started Mon Mar 27 23:24:06 2017


Gurobi 6.5.2 (linux64) logging started Mon Mar 27 23:24:27 2017


Gurobi 6.5.2 (linux64) logging started Mon Mar 27 23:24:54 2017


Gurobi 6.5.2 (linux64) logging started Mon Mar 27 23:27:01 2017


Gurobi 6.5.2 (linux64) logging started Mon Mar 27 23:38:05 2017


Gurobi 6.5.2 (linux64) logging started Mon Mar 27 23:47:18 2017


Gurobi 6.5.2 (linux64) logging started Mon Mar 27 23:54:39 2017


Gurobi 6.5.2 (linux64) logging started Tue Mar 28 00:03:57 2017


Gurobi 6.5.2 (linux64) logging started Tue Mar 28 00:10:11 2017


Gurobi 6.5.2 (linux64) logging started Tue Mar 28 00:20:10 2017


Gurobi 6.5.2 (linux64) logging started Tue Mar 28 00:30:40 2017


Gurobi 6.5.2 (linux64) logging started Tue Mar 28 00:39:55 2017


Gurobi 6.5.2 (linux64) logging started Tue Mar 28 00:52:30 2017


Gurobi 6.5.2 (linux64) logging started Tue Mar 28 00:59:24 2017


Gurobi 6.5.2 (linux64) logging started Tue Mar 28 01:05:52 2017


Gurobi 6.5.2 (linux64) logging started Tue Mar 28 01:18:06 2017


Gurobi 6.5.2 (linux64) logging started Wed Mar 29 19:27:10 2017


Gurobi 6.5.2 (linux64) logging started Wed Mar 29 19:39:06 2017


Gurobi 6.5.2 (linux64) logging started Wed Mar 29 19:49:32 2017


Gurobi 6.5.2 (linux64) logging started Wed Mar 29 19:54:23 2017


Gurobi 6.5.2 (linux64) logging started Wed Mar 29 20:03:15 2017


Gurobi 6.5.2 (linux64) logging started Wed Mar 29 20:10:20 2017


Gurobi 6.5.2 (linux64) logging started Wed Mar 29 20:10:33 2017


Gurobi 6.5.2 (linux64) logging started Wed Mar 29 20:17:47 2017


Gurobi 6.5.2 (linux64) logging started Thu Mar 30 04:33:20 2017


Gurobi 6.5.2 (linux64) logging started Thu Mar 30 04:41:11 2017


Gurobi 6.5.2 (linux64) logging started Thu Mar 30 04:41:23 2017


Gurobi 6.5.2 (linux64) logging started Thu Mar 30 04:48:56 2017


Gurobi 6.5.2 (linux64) logging started Thu Mar 30 04:49:15 2017


Gurobi 6.5.2 (linux64) logging started Thu Mar 30 04:59:41 2017


Gurobi 6.5.2 (linux64) logging started Thu Mar 30 05:03:59 2017


Gurobi 6.5.2 (linux64) logging started Thu Mar 30 05:05:32 2017


Gurobi 6.5.2 (linux64) logging started Thu Mar 30 05:05:49 2017


Gurobi 6.5.2 (linux64) logging started Thu Mar 30 05:12:43 2017


Gurobi 6.5.2 (linux64) logging started Thu Mar 30 05:24:12 2017


Gurobi 6.5.2 (linux64) logging started Thu Mar 30 05:29:03 2017


Gurobi 6.5.2 (linux64) logging started Thu Mar 30 05:32:30 2017


Gurobi 6.5.2 (linux64) logging started Thu Mar 30 05:35:49 2017


Gurobi 6.5.2 (linux64) logging started Thu Mar 30 17:54:02 2017


Gurobi 6.5.2 (linux64) logging started Thu Mar 30 18:00:42 2017


Gurobi 6.5.2 (linux64) logging started Thu Mar 30 18:05:37 2017


Gurobi 6.5.2 (linux64) logging started Thu Mar 30 18:10:06 2017


Gurobi 6.5.2 (linux64) logging started Thu Mar 30 18:17:47 2017


Gurobi 6.5.2 (linux64) logging started Thu Mar 30 18:20:34 2017


Gurobi 6.5.2 (linux64) logging started Thu Mar 30 18:33:49 2017


Gurobi 6.5.2 (linux64) logging started Thu Mar 30 18:35:37 2017


Gurobi 6.5.2 (linux64) logging started Thu Mar 30 18:40:36 2017


Gurobi 6.5.2 (linux64) logging started Thu Mar 30 18:44:19 2017


Gurobi 6.5.2 (linux64) logging started Thu Mar 30 18:48:59 2017


Gurobi 6.5.2 (linux64) logging started Thu Mar 30 18:53:12 2017


Gurobi 6.5.2 (linux64) logging started Thu Mar 30 18:55:34 2017


Gurobi 6.5.2 (linux64) logging started Thu Mar 30 19:01:41 2017


Gurobi 6.5.2 (linux64) logging started Thu Mar 30 19:05:25 2017


Gurobi 6.5.2 (linux64) logging started Thu Mar 30 19:06:57 2017


Gurobi 6.5.2 (linux64) logging started Thu Mar 30 19:07:56 2017


Gurobi 6.5.2 (linux64) logging started Thu Mar 30 19:09:05 2017


Gurobi 6.5.2 (linux64) logging started Thu Mar 30 19:26:05 2017


Gurobi 6.5.2 (linux64) logging started Thu Mar 30 19:26:36 2017


Gurobi 6.5.2 (linux64) logging started Thu Mar 30 19:27:25 2017


Gurobi 6.5.2 (linux64) logging started Thu Mar 30 19:28:12 2017


Gurobi 6.5.2 (linux64) logging started Thu Mar 30 19:29:11 2017


Gurobi 6.5.2 (linux64) logging started Thu Mar 30 19:30:57 2017


Gurobi 6.5.2 (linux64) logging started Thu Mar 30 19:33:17 2017


Gurobi 6.5.2 (linux64) logging started Thu Mar 30 19:43:18 2017


Gurobi 6.5.2 (linux64) logging started Thu Mar 30 19:43:45 2017


Gurobi 6.5.2 (linux64) logging started Thu Mar 30 19:44:31 2017


Gurobi 6.5.2 (linux64) logging started Thu Mar 30 19:47:27 2017


Gurobi 6.5.2 (linux64) logging started Thu Mar 30 19:49:09 2017


Gurobi 6.5.2 (linux64) logging started Thu Mar 30 19:50:39 2017


Gurobi 6.5.2 (linux64) logging started Thu Mar 30 19:51:22 2017


Gurobi 6.5.2 (linux64) logging started Thu Mar 30 19:52:57 2017


Gurobi 6.5.2 (linux64) logging started Thu Mar 30 20:01:34 2017


Gurobi 6.5.2 (linux64) logging started Thu Mar 30 20:02:46 2017


Gurobi 6.5.2 (linux64) logging started Sat Apr  1 03:24:12 2017


Gurobi 6.5.2 (linux64) logging started Sat Apr  1 03:25:04 2017


Gurobi 6.5.2 (linux64) logging started Sat Apr  1 03:26:19 2017


Gurobi 6.5.2 (linux64) logging started Sat Apr  1 03:26:55 2017


Gurobi 6.5.2 (linux64) logging started Sat Apr  1 03:27:47 2017


Gurobi 6.5.2 (linux64) logging started Mon Apr  3 10:55:45 2017


Gurobi 6.5.2 (linux64) logging started Mon Apr  3 11:09:45 2017


Gurobi 6.5.2 (linux64) logging started Mon Apr  3 11:11:13 2017


Gurobi 6.5.2 (linux64) logging started Mon Apr  3 13:42:33 2017


Gurobi 6.5.2 (linux64) logging started Mon Apr  3 13:49:59 2017


Gurobi 6.5.2 (linux64) logging started Mon Apr  3 13:57:51 2017


Gurobi 6.5.2 (linux64) logging started Mon Apr  3 14:01:50 2017


Gurobi 6.5.2 (linux64) logging started Mon Apr  3 16:11:12 2017


Gurobi 6.5.2 (linux64) logging started Mon Apr  3 16:11:51 2017


Gurobi 6.5.2 (linux64) logging started Mon Apr  3 16:20:18 2017


Gurobi 6.5.2 (linux64) logging started Mon Apr  3 16:21:55 2017


Gurobi 6.5.2 (linux64) logging started Mon Apr  3 16:26:28 2017


Gurobi 6.5.2 (linux64) logging started Mon Apr  3 16:31:31 2017


Gurobi 6.5.2 (linux64) logging started Mon Apr  3 16:36:36 2017


Gurobi 6.5.2 (linux64) logging started Mon Apr  3 16:37:03 2017


Gurobi 6.5.2 (linux64) logging started Mon Apr  3 16:55:11 2017


Gurobi 6.5.2 (linux64) logging started Mon Apr  3 16:56:34 2017


Gurobi 6.5.2 (linux64) logging started Mon Apr  3 16:57:08 2017


Gurobi 6.5.2 (linux64) logging started Mon Apr  3 16:58:06 2017


Gurobi 6.5.2 (linux64) logging started Mon Apr  3 17:03:50 2017


Gurobi 6.5.2 (linux64) logging started Mon Apr  3 17:07:44 2017


Gurobi 6.5.2 (linux64) logging started Mon Apr  3 17:13:22 2017


Gurobi 6.5.2 (linux64) logging started Mon Apr  3 17:18:22 2017


Gurobi 6.5.2 (linux64) logging started Mon Apr  3 17:39:17 2017


Gurobi 6.5.2 (linux64) logging started Mon Apr  3 17:39:58 2017


Gurobi 6.5.2 (linux64) logging started Mon Apr  3 17:40:48 2017


Gurobi 6.5.2 (linux64) logging started Mon Apr  3 17:41:10 2017


Gurobi 6.5.2 (linux64) logging started Mon Apr  3 17:42:03 2017


Gurobi 6.5.2 (linux64) logging started Mon Apr  3 17:42:26 2017


Gurobi 6.5.2 (linux64) logging started Mon Apr  3 17:48:26 2017


Gurobi 6.5.2 (linux64) logging started Mon Apr  3 17:49:18 2017


Gurobi 6.5.2 (linux64) logging started Mon Apr  3 17:54:25 2017


Gurobi 6.5.2 (linux64) logging started Wed Apr  5 16:57:55 2017


Gurobi 6.5.2 (linux64) logging started Wed Apr  5 17:02:30 2017


Gurobi 6.5.2 (linux64) logging started Wed Apr  5 17:06:04 2017


Gurobi 6.5.2 (linux64) logging started Wed Apr  5 17:06:22 2017


Gurobi 6.5.2 (linux64) logging started Wed Apr  5 17:11:50 2017


Gurobi 6.5.2 (linux64) logging started Wed Apr  5 17:16:13 2017


Gurobi 6.5.2 (linux64) logging started Wed Apr  5 17:20:44 2017


Gurobi 6.5.2 (linux64) logging started Wed Apr  5 17:24:46 2017


Gurobi 6.5.2 (linux64) logging started Wed Apr  5 17:28:09 2017


Gurobi 6.5.2 (linux64) logging started Wed Apr  5 17:34:53 2017


Gurobi 6.5.2 (linux64) logging started Wed Apr  5 17:35:45 2017


Gurobi 6.5.2 (linux64) logging started Wed Apr  5 17:38:38 2017


Gurobi 6.5.2 (linux64) logging started Wed Apr  5 17:42:20 2017


Gurobi 6.5.2 (linux64) logging started Wed Apr  5 17:44:46 2017


Gurobi 6.5.2 (linux64) logging started Wed Apr  5 17:48:31 2017


Gurobi 6.5.2 (linux64) logging started Wed Apr  5 17:50:46 2017


Gurobi 6.5.2 (linux64) logging started Wed Apr  5 17:55:24 2017


Gurobi 6.5.2 (linux64) logging started Thu Apr  6 02:27:23 2017


Gurobi 6.5.2 (linux64) logging started Thu Apr  6 02:59:13 2017


Gurobi 6.5.2 (linux64) logging started Mon Apr 10 17:06:59 2017


Gurobi 6.5.2 (linux64) logging started Mon Apr 10 17:16:32 2017


Gurobi 6.5.2 (linux64) logging started Mon Apr 10 17:16:58 2017


Gurobi 6.5.2 (linux64) logging started Mon Apr 10 18:01:27 2017


Gurobi 6.5.2 (linux64) logging started Mon Apr 10 18:06:01 2017


Gurobi 6.5.2 (linux64) logging started Mon Apr 10 18:09:11 2017


Gurobi 6.5.2 (linux64) logging started Mon Apr 10 18:12:18 2017


Gurobi 6.5.2 (linux64) logging started Mon Apr 10 18:16:55 2017


Gurobi 6.5.2 (linux64) logging started Mon Apr 10 18:18:22 2017


Gurobi 6.5.2 (linux64) logging started Mon Apr 10 18:24:39 2017


Gurobi 6.5.2 (linux64) logging started Mon Apr 10 18:25:54 2017

